Traceback (most recent call last):
  File "C:\Users\elwru\AppData\Local\Programs\Python\Python313\Lib\site-packages\transformers\utils\import_utils.py", line 2317, in __getattr__
    module = self._get_module(self._class_to_module[name])
  File "C:\Users\elwru\AppData\Local\Programs\Python\Python313\Lib\site-packages\transformers\utils\import_utils.py", line 2347, in _get_module
    raise e
  File "C:\Users\elwru\AppData\Local\Programs\Python\Python313\Lib\site-packages\transformers\utils\import_utils.py", line 2345, in _get_module
    return importlib.import_module("." + module_name, self.__name__)
           ~~~~~~~~~~~~~~~~~~~~~~~^^^^^^^^^^^^^^^^^^^^^^^^^^^^^^^^^^
  File "C:\Users\elwru\AppData\Local\Programs\Python\Python313\Lib\importlib\__init__.py", line 88, in import_module
    return _bootstrap._gcd_import(name[level:], package, level)
           ~~~~~~~~~~~~~~~~~~~~~~^^^^^^^^^^^^^^^^^^^^^^^^^^^^^^
  File "<frozen importlib._bootstrap>", line 1387, in _gcd_import
  File "<frozen importlib._bootstrap>", line 1360, in _find_and_load
  File "<frozen importlib._bootstrap>", line 1331, in _find_and_load_unlocked
  File "<frozen importlib._bootstrap>", line 935, in _load_unlocked
  File "<frozen importlib._bootstrap_external>", line 1026, in exec_module
  File "<frozen importlib._bootstrap>", line 488, in _call_with_frames_removed
  File "C:\Users\elwru\AppData\Local\Programs\Python\Python313\Lib\site-packages\transformers\models\auto\processing_auto.py", line 28, in <module>
    from ...processing_utils import ProcessorMixin
  File "C:\Users\elwru\AppData\Local\Programs\Python\Python313\Lib\site-packages\transformers\processing_utils.py", line 34, in <module>
    from .audio_utils import AudioInput, load_audio
  File "C:\Users\elwru\AppData\Local\Programs\Python\Python313\Lib\site-packages\transformers\audio_utils.py", line 52, in <module>
    import soxr
ModuleNotFoundError: No module named 'soxr'

The above exception was the direct cause of the following exception:

Traceback (most recent call last):
  File "C:\PROJECTS\LESSONS AND SLIDESHOWS 2\diag_transformers.py", line 6, in <module>
    from transformers import AutoProcessor
  File "C:\Users\elwru\AppData\Local\Programs\Python\Python313\Lib\site-packages\transformers\utils\import_utils.py", line 2320, in __getattr__
    raise ModuleNotFoundError(
        f"Could not import module '{name}'. Are this object's requirements defined correctly?"
    ) from e
ModuleNotFoundError: Could not import module 'AutoProcessor'. Are this object's requirements defined correctly?
Python: 3.13.7 (tags/v3.13.7:bcee1c3, Aug 14 2025, 14:15:11) [MSC v.1944 64 bit (AMD64)]
--- TRACEBACK START ---
--- TRACEBACK END ---
